<?xml version="1.0" encoding="UTF-8"?>
<testsuite name="com.phonebook.tests.DeleteContactTests" tests="1" skipped="0" failures="0" errors="0" timestamp="2024-04-10T09:17:49" hostname="DESKTOP-LNJFE5L" time="0.986">
  <properties/>
  <testcase name="deletaContactPositiveTest" classname="com.phonebook.tests.DeleteContactTests" time="0.986"/>
  <system-out><![CDATA[]]></system-out>
  <system-err><![CDATA[]]></system-err>
</testsuite>
